[debug] [2025-06-18T05:13:27.476Z] ----------------------------------------------------------------------
[debug] [2025-06-18T05:13:27.479Z] Command:       C:\Program Files\nodejs\node.exe C:\Users\User\AppData\Roaming\npm\node_modules\firebase-tools\lib\bin\firebase.js emulators:start --only auth,firestore
[debug] [2025-06-18T05:13:27.479Z] CLI Version:   14.7.0
[debug] [2025-06-18T05:13:27.479Z] Platform:      win32
[debug] [2025-06-18T05:13:27.480Z] Node Version:  v20.13.1
[debug] [2025-06-18T05:13:27.480Z] Time:          Wed Jun 18 2025 12:13:27 GMT+0700 (Waktu Indonesia Barat)
[debug] [2025-06-18T05:13:27.480Z] ----------------------------------------------------------------------
[debug] 
[debug] [2025-06-18T05:13:27.784Z] > command requires scopes: ["email","openid","https://www.googleapis.com/auth/cloudplatformprojects.readonly","https://www.googleapis.com/auth/firebase","https://www.googleapis.com/auth/cloud-platform"]
[debug] [2025-06-18T05:13:27.784Z] > authorizing via signed-in user (fahmifauzirahman@gmail.com)
[debug] [2025-06-18T05:13:27.904Z] java version "11.0.20" 2023-07-18 LTS
[debug] [2025-06-18T05:13:27.905Z] 
Java(TM) SE Runtime Environment 18.9 (build 11.0.20+9-LTS-256)
Java HotSpot(TM) 64-Bit Server VM 18.9 (build 11.0.20+9-LTS-256, mixed mode)

[debug] [2025-06-18T05:13:27.922Z] Parsed Java major version: 11
[info] i  emulators: Starting emulators: auth, firestore {"metadata":{"emulator":{"name":"hub"},"message":"Starting emulators: auth, firestore"}}
[debug] [2025-06-18T05:13:27.936Z] [logging] Logging Emulator only supports listening on one address (127.0.0.1). Not listening on ::1
[debug] [2025-06-18T05:13:27.937Z] [auth] Authentication Emulator only supports listening on one address (127.0.0.1). Not listening on ::1
[debug] [2025-06-18T05:13:27.937Z] [firestore] Firestore Emulator only supports listening on one address (127.0.0.1). Not listening on ::1
[debug] [2025-06-18T05:13:27.937Z] [firestore.websocket] websocket server for firestore only supports listening on one address (127.0.0.1). Not listening on ::1
[debug] [2025-06-18T05:13:27.937Z] assigned listening specs for emulators {"user":{"hub":[{"address":"127.0.0.1","family":"IPv4","port":4400},{"address":"::1","family":"IPv6","port":4400}],"ui":[{"address":"127.0.0.1","family":"IPv4","port":4000},{"address":"::1","family":"IPv6","port":4000}],"logging":[{"address":"127.0.0.1","family":"IPv4","port":4500}],"auth":[{"address":"127.0.0.1","family":"IPv4","port":9099}],"firestore":[{"address":"127.0.0.1","family":"IPv4","port":8080}],"firestore.websocket":[{"address":"127.0.0.1","family":"IPv4","port":9150}]},"metadata":{"message":"assigned listening specs for emulators"}}
[debug] [2025-06-18T05:13:27.942Z] [hub] writing locator at C:\Users\User\AppData\Local\Temp\hub-advanta-report-3c68c.json
[warn] !  firestore: Cloud Firestore Emulator does not support multiple databases yet. {"metadata":{"emulator":{"name":"firestore"},"message":"Cloud Firestore Emulator does not support multiple databases yet."}}
[warn] !  firestore: Did not find a Cloud Firestore rules file specified in a firebase.json config file. {"metadata":{"emulator":{"name":"firestore"},"message":"Did not find a Cloud Firestore rules file specified in a firebase.json config file."}}
[warn] !  firestore: The emulator will default to allowing all reads and writes. Learn more about this option: https://firebase.google.com/docs/emulator-suite/install_and_configure#security_rules_configuration. {"metadata":{"emulator":{"name":"firestore"},"message":"The emulator will default to allowing all reads and writes. Learn more about this option: https://firebase.google.com/docs/emulator-suite/install_and_configure#security_rules_configuration."}}
[debug] [2025-06-18T05:13:27.952Z] Ignoring unsupported arg: auto_download {"metadata":{"emulator":{"name":"firestore"},"message":"Ignoring unsupported arg: auto_download"}}
[debug] [2025-06-18T05:13:27.952Z] Ignoring unsupported arg: single_project_mode_error {"metadata":{"emulator":{"name":"firestore"},"message":"Ignoring unsupported arg: single_project_mode_error"}}
[debug] [2025-06-18T05:13:27.953Z] Starting Firestore Emulator with command {"binary":"java","args":["-Dgoogle.cloud_firestore.debug_log_level=FINE","-Duser.language=en","-jar","C:\\Users\\User\\.cache\\firebase\\emulators\\cloud-firestore-emulator-v1.19.8.jar","--host","127.0.0.1","--port",8080,"--websocket_port",9150,"--project_id","advanta-report-3c68c","--single_project_mode",true],"optionalArgs":["port","webchannel_port","host","rules","websocket_port","functions_emulator","seed_from_export","project_id","single_project_mode"],"joinArgs":false,"shell":false,"port":8080} {"metadata":{"emulator":{"name":"firestore"},"message":"Starting Firestore Emulator with command {\"binary\":\"java\",\"args\":[\"-Dgoogle.cloud_firestore.debug_log_level=FINE\",\"-Duser.language=en\",\"-jar\",\"C:\\\\Users\\\\User\\\\.cache\\\\firebase\\\\emulators\\\\cloud-firestore-emulator-v1.19.8.jar\",\"--host\",\"127.0.0.1\",\"--port\",8080,\"--websocket_port\",9150,\"--project_id\",\"advanta-report-3c68c\",\"--single_project_mode\",true],\"optionalArgs\":[\"port\",\"webchannel_port\",\"host\",\"rules\",\"websocket_port\",\"functions_emulator\",\"seed_from_export\",\"project_id\",\"single_project_mode\"],\"joinArgs\":false,\"shell\":false,\"port\":8080}"}}
[info] i  firestore: Firestore Emulator logging to firestore-debug.log {"metadata":{"emulator":{"name":"firestore"},"message":"Firestore Emulator logging to \u001b[1mfirestore-debug.log\u001b[22m"}}
[info] +  firestore: Firestore Emulator UI websocket is running on 9150. {"metadata":{"emulator":{"name":"firestore"},"message":"Firestore Emulator UI websocket is running on 9150."}}
[info] i  ui: downloading ui-v1.15.0.zip... {"metadata":{"emulator":{"name":"ui"},"message":"downloading ui-v1.15.0.zip..."}}
[debug] [2025-06-18T05:13:38.676Z] >>> [apiv2][query] GET https://storage.googleapis.com/firebase-preview-drop/emulator/ui-v1.15.0.zip 
[debug] [2025-06-18T05:13:38.962Z] <<< [apiv2][status] GET https://storage.googleapis.com/firebase-preview-drop/emulator/ui-v1.15.0.zip 200
[debug] [2025-06-18T05:13:38.963Z] <<< [apiv2][body] GET https://storage.googleapis.com/firebase-preview-drop/emulator/ui-v1.15.0.zip [stream]
[debug] [2025-06-18T05:13:39.916Z] Data is 3538469
[debug] [2025-06-18T05:13:39.917Z] [unzip] Entry: client/ (compressed_size=0 bytes, uncompressed_size=0 bytes)
[debug] [2025-06-18T05:13:39.917Z] [unzip] Processing entry: client\
[debug] [2025-06-18T05:13:39.917Z] [unzip] mkdir: C:\Users\User\.cache\firebase\emulators\ui-v1.15.0\client\
[debug] [2025-06-18T05:13:39.918Z] [unzip] Entry: client/favicon-16x16.png (compressed_size=293 bytes, uncompressed_size=293 bytes)
[debug] [2025-06-18T05:13:39.918Z] [unzip] Processing entry: client\favicon-16x16.png
[debug] [2025-06-18T05:13:39.918Z] [unzip] else mkdir: C:\Users\User\.cache\firebase\emulators\ui-v1.15.0\client
[debug] [2025-06-18T05:13:39.918Z] [unzip] Writing file: C:\Users\User\.cache\firebase\emulators\ui-v1.15.0\client\favicon-16x16.png
[debug] [2025-06-18T05:13:39.919Z] [unzip] Entry: client/safari-pinned-tab.svg (compressed_size=1433 bytes, uncompressed_size=2611 bytes)
[debug] [2025-06-18T05:13:39.920Z] [unzip] Processing entry: client\safari-pinned-tab.svg
[debug] [2025-06-18T05:13:39.920Z] [unzip] else mkdir: C:\Users\User\.cache\firebase\emulators\ui-v1.15.0\client
[debug] [2025-06-18T05:13:39.920Z] [unzip] deflating: C:\Users\User\.cache\firebase\emulators\ui-v1.15.0\client\safari-pinned-tab.svg
[debug] [2025-06-18T05:13:39.924Z] [unzip] Entry: client/favicon.ico (compressed_size=2933 bytes, uncompressed_size=13294 bytes)
[debug] [2025-06-18T05:13:39.925Z] [unzip] Processing entry: client\favicon.ico
[debug] [2025-06-18T05:13:39.925Z] [unzip] else mkdir: C:\Users\User\.cache\firebase\emulators\ui-v1.15.0\client
[debug] [2025-06-18T05:13:39.925Z] [unzip] deflating: C:\Users\User\.cache\firebase\emulators\ui-v1.15.0\client\favicon.ico
[debug] [2025-06-18T05:13:39.926Z] [unzip] Entry: client/index.html (compressed_size=1364 bytes, uncompressed_size=3071 bytes)
[debug] [2025-06-18T05:13:39.926Z] [unzip] Processing entry: client\index.html
[debug] [2025-06-18T05:13:39.926Z] [unzip] else mkdir: C:\Users\User\.cache\firebase\emulators\ui-v1.15.0\client
[debug] [2025-06-18T05:13:39.926Z] [unzip] deflating: C:\Users\User\.cache\firebase\emulators\ui-v1.15.0\client\index.html
[debug] [2025-06-18T05:13:39.928Z] [unzip] Entry: client/android-chrome-192x192.png (compressed_size=2684 bytes, uncompressed_size=2684 bytes)
[debug] [2025-06-18T05:13:39.928Z] [unzip] Processing entry: client\android-chrome-192x192.png
[debug] [2025-06-18T05:13:39.928Z] [unzip] else mkdir: C:\Users\User\.cache\firebase\emulators\ui-v1.15.0\client
[debug] [2025-06-18T05:13:39.929Z] [unzip] Writing file: C:\Users\User\.cache\firebase\emulators\ui-v1.15.0\client\android-chrome-192x192.png
[debug] [2025-06-18T05:13:39.930Z] [unzip] Entry: client/apple-touch-icon.png (compressed_size=2123 bytes, uncompressed_size=2152 bytes)
[debug] [2025-06-18T05:13:39.930Z] [unzip] Processing entry: client\apple-touch-icon.png
[debug] [2025-06-18T05:13:39.930Z] [unzip] else mkdir: C:\Users\User\.cache\firebase\emulators\ui-v1.15.0\client
[debug] [2025-06-18T05:13:39.930Z] [unzip] deflating: C:\Users\User\.cache\firebase\emulators\ui-v1.15.0\client\apple-touch-icon.png
[debug] [2025-06-18T05:13:39.931Z] [unzip] Entry: client/android-chrome-512x512.png (compressed_size=5369 bytes, uncompressed_size=5411 bytes)
[debug] [2025-06-18T05:13:39.931Z] [unzip] Processing entry: client\android-chrome-512x512.png
[debug] [2025-06-18T05:13:39.931Z] [unzip] else mkdir: C:\Users\User\.cache\firebase\emulators\ui-v1.15.0\client
[debug] [2025-06-18T05:13:39.932Z] [unzip] deflating: C:\Users\User\.cache\firebase\emulators\ui-v1.15.0\client\android-chrome-512x512.png
[debug] [2025-06-18T05:13:39.933Z] [unzip] Entry: client/manifest.json (compressed_size=245 bytes, uncompressed_size=551 bytes)
[debug] [2025-06-18T05:13:39.933Z] [unzip] Processing entry: client\manifest.json
[debug] [2025-06-18T05:13:39.933Z] [unzip] else mkdir: C:\Users\User\.cache\firebase\emulators\ui-v1.15.0\client
[debug] [2025-06-18T05:13:39.933Z] [unzip] deflating: C:\Users\User\.cache\firebase\emulators\ui-v1.15.0\client\manifest.json
[debug] [2025-06-18T05:13:39.935Z] [unzip] Entry: client/robots.txt (compressed_size=26 bytes, uncompressed_size=26 bytes)
[debug] [2025-06-18T05:13:39.935Z] [unzip] Processing entry: client\robots.txt
[debug] [2025-06-18T05:13:39.935Z] [unzip] else mkdir: C:\Users\User\.cache\firebase\emulators\ui-v1.15.0\client
[debug] [2025-06-18T05:13:39.935Z] [unzip] Writing file: C:\Users\User\.cache\firebase\emulators\ui-v1.15.0\client\robots.txt
[debug] [2025-06-18T05:13:39.936Z] [unzip] Entry: client/mstile-150x150.png (compressed_size=2034 bytes, uncompressed_size=2034 bytes)
[debug] [2025-06-18T05:13:39.936Z] [unzip] Processing entry: client\mstile-150x150.png
[debug] [2025-06-18T05:13:39.936Z] [unzip] else mkdir: C:\Users\User\.cache\firebase\emulators\ui-v1.15.0\client
[debug] [2025-06-18T05:13:39.936Z] [unzip] Writing file: C:\Users\User\.cache\firebase\emulators\ui-v1.15.0\client\mstile-150x150.png
[debug] [2025-06-18T05:13:39.937Z] [unzip] Entry: client/assets/ (compressed_size=0 bytes, uncompressed_size=0 bytes)
[debug] [2025-06-18T05:13:39.937Z] [unzip] Processing entry: client\assets\
[debug] [2025-06-18T05:13:39.937Z] [unzip] mkdir: C:\Users\User\.cache\firebase\emulators\ui-v1.15.0\client\assets\
[debug] [2025-06-18T05:13:39.938Z] [unzip] Entry: client/assets/index-BX-A56oj.js (compressed_size=582089 bytes, uncompressed_size=2092775 bytes)
[debug] [2025-06-18T05:13:39.938Z] [unzip] Processing entry: client\assets\index-BX-A56oj.js
[debug] [2025-06-18T05:13:39.938Z] [unzip] else mkdir: C:\Users\User\.cache\firebase\emulators\ui-v1.15.0\client\assets
[debug] [2025-06-18T05:13:39.938Z] [unzip] deflating: C:\Users\User\.cache\firebase\emulators\ui-v1.15.0\client\assets\index-BX-A56oj.js
[debug] [2025-06-18T05:13:39.957Z] [unzip] Entry: client/assets/index-CjB9C900.css (compressed_size=35979 bytes, uncompressed_size=298654 bytes)
[debug] [2025-06-18T05:13:39.957Z] [unzip] Processing entry: client\assets\index-CjB9C900.css
[debug] [2025-06-18T05:13:39.958Z] [unzip] else mkdir: C:\Users\User\.cache\firebase\emulators\ui-v1.15.0\client\assets
[debug] [2025-06-18T05:13:39.958Z] [unzip] deflating: C:\Users\User\.cache\firebase\emulators\ui-v1.15.0\client\assets\index-CjB9C900.css
[debug] [2025-06-18T05:13:39.961Z] [unzip] Entry: client/assets/index-BX-A56oj.js.map (compressed_size=2362482 bytes, uncompressed_size=10036679 bytes)
[debug] [2025-06-18T05:13:39.961Z] [unzip] Processing entry: client\assets\index-BX-A56oj.js.map
[debug] [2025-06-18T05:13:39.961Z] [unzip] else mkdir: C:\Users\User\.cache\firebase\emulators\ui-v1.15.0\client\assets
[debug] [2025-06-18T05:13:39.961Z] [unzip] deflating: C:\Users\User\.cache\firebase\emulators\ui-v1.15.0\client\assets\index-BX-A56oj.js.map
[debug] [2025-06-18T05:13:40.026Z] [unzip] Entry: client/assets/extensions/ (compressed_size=0 bytes, uncompressed_size=0 bytes)
[debug] [2025-06-18T05:13:40.026Z] [unzip] Processing entry: client\assets\extensions\
[debug] [2025-06-18T05:13:40.027Z] [unzip] mkdir: C:\Users\User\.cache\firebase\emulators\ui-v1.15.0\client\assets\extensions\
[debug] [2025-06-18T05:13:40.027Z] [unzip] Entry: client/assets/extensions/default-extension.png (compressed_size=1646 bytes, uncompressed_size=1657 bytes)
[debug] [2025-06-18T05:13:40.027Z] [unzip] Processing entry: client\assets\extensions\default-extension.png
[debug] [2025-06-18T05:13:40.027Z] [unzip] else mkdir: C:\Users\User\.cache\firebase\emulators\ui-v1.15.0\client\assets\extensions
[debug] [2025-06-18T05:13:40.027Z] [unzip] deflating: C:\Users\User\.cache\firebase\emulators\ui-v1.15.0\client\assets\extensions\default-extension.png
[debug] [2025-06-18T05:13:40.029Z] [unzip] Entry: client/assets/img/ (compressed_size=0 bytes, uncompressed_size=0 bytes)
[debug] [2025-06-18T05:13:40.030Z] [unzip] Processing entry: client\assets\img\
[debug] [2025-06-18T05:13:40.030Z] [unzip] mkdir: C:\Users\User\.cache\firebase\emulators\ui-v1.15.0\client\assets\img\
[debug] [2025-06-18T05:13:40.030Z] [unzip] Entry: client/assets/img/database.png (compressed_size=29449 bytes, uncompressed_size=29988 bytes)
[debug] [2025-06-18T05:13:40.030Z] [unzip] Processing entry: client\assets\img\database.png
[debug] [2025-06-18T05:13:40.030Z] [unzip] else mkdir: C:\Users\User\.cache\firebase\emulators\ui-v1.15.0\client\assets\img
[debug] [2025-06-18T05:13:40.030Z] [unzip] deflating: C:\Users\User\.cache\firebase\emulators\ui-v1.15.0\client\assets\img\database.png
[debug] [2025-06-18T05:13:40.032Z] [unzip] Entry: client/assets/provider-icons/ (compressed_size=0 bytes, uncompressed_size=0 bytes)
[debug] [2025-06-18T05:13:40.032Z] [unzip] Processing entry: client\assets\provider-icons\
[debug] [2025-06-18T05:13:40.032Z] [unzip] mkdir: C:\Users\User\.cache\firebase\emulators\ui-v1.15.0\client\assets\provider-icons\
[debug] [2025-06-18T05:13:40.032Z] [unzip] Entry: client/assets/provider-icons/auth_service_saml.svg (compressed_size=575 bytes, uncompressed_size=1226 bytes)
[debug] [2025-06-18T05:13:40.032Z] [unzip] Processing entry: client\assets\provider-icons\auth_service_saml.svg
[debug] [2025-06-18T05:13:40.032Z] [unzip] else mkdir: C:\Users\User\.cache\firebase\emulators\ui-v1.15.0\client\assets\provider-icons
[debug] [2025-06-18T05:13:40.033Z] [unzip] deflating: C:\Users\User\.cache\firebase\emulators\ui-v1.15.0\client\assets\provider-icons\auth_service_saml.svg
[debug] [2025-06-18T05:13:40.034Z] [unzip] Entry: client/assets/provider-icons/auth_service_phone.svg (compressed_size=261 bytes, uncompressed_size=414 bytes)
[debug] [2025-06-18T05:13:40.034Z] [unzip] Processing entry: client\assets\provider-icons\auth_service_phone.svg
[debug] [2025-06-18T05:13:40.034Z] [unzip] else mkdir: C:\Users\User\.cache\firebase\emulators\ui-v1.15.0\client\assets\provider-icons
[debug] [2025-06-18T05:13:40.034Z] [unzip] deflating: C:\Users\User\.cache\firebase\emulators\ui-v1.15.0\client\assets\provider-icons\auth_service_phone.svg
[debug] [2025-06-18T05:13:40.036Z] [unzip] Entry: client/assets/provider-icons/auth_service_facebook.svg (compressed_size=289 bytes, uncompressed_size=457 bytes)
[debug] [2025-06-18T05:13:40.036Z] [unzip] Processing entry: client\assets\provider-icons\auth_service_facebook.svg
[debug] [2025-06-18T05:13:40.036Z] [unzip] else mkdir: C:\Users\User\.cache\firebase\emulators\ui-v1.15.0\client\assets\provider-icons
[debug] [2025-06-18T05:13:40.036Z] [unzip] deflating: C:\Users\User\.cache\firebase\emulators\ui-v1.15.0\client\assets\provider-icons\auth_service_facebook.svg
[debug] [2025-06-18T05:13:40.037Z] [unzip] Entry: client/assets/provider-icons/auth_service_game_center.svg (compressed_size=991 bytes, uncompressed_size=3921 bytes)
[debug] [2025-06-18T05:13:40.038Z] [unzip] Processing entry: client\assets\provider-icons\auth_service_game_center.svg
[debug] [2025-06-18T05:13:40.038Z] [unzip] else mkdir: C:\Users\User\.cache\firebase\emulators\ui-v1.15.0\client\assets\provider-icons
[debug] [2025-06-18T05:13:40.038Z] [unzip] deflating: C:\Users\User\.cache\firebase\emulators\ui-v1.15.0\client\assets\provider-icons\auth_service_game_center.svg
[debug] [2025-06-18T05:13:40.039Z] [unzip] Entry: client/assets/provider-icons/auth_service_apple.svg (compressed_size=230 bytes, uncompressed_size=334 bytes)
[debug] [2025-06-18T05:13:40.039Z] [unzip] Processing entry: client\assets\provider-icons\auth_service_apple.svg
[debug] [2025-06-18T05:13:40.039Z] [unzip] else mkdir: C:\Users\User\.cache\firebase\emulators\ui-v1.15.0\client\assets\provider-icons
[debug] [2025-06-18T05:13:40.039Z] [unzip] deflating: C:\Users\User\.cache\firebase\emulators\ui-v1.15.0\client\assets\provider-icons\auth_service_apple.svg
[debug] [2025-06-18T05:13:40.040Z] [unzip] Entry: client/assets/provider-icons/auth_service_github.svg (compressed_size=466 bytes, uncompressed_size=838 bytes)
[debug] [2025-06-18T05:13:40.041Z] [unzip] Processing entry: client\assets\provider-icons\auth_service_github.svg
[debug] [2025-06-18T05:13:40.041Z] [unzip] else mkdir: C:\Users\User\.cache\firebase\emulators\ui-v1.15.0\client\assets\provider-icons
[debug] [2025-06-18T05:13:40.041Z] [unzip] deflating: C:\Users\User\.cache\firebase\emulators\ui-v1.15.0\client\assets\provider-icons\auth_service_github.svg
[debug] [2025-06-18T05:13:40.042Z] [unzip] Entry: client/assets/provider-icons/auth_service_mslive.svg (compressed_size=203 bytes, uncompressed_size=378 bytes)
[debug] [2025-06-18T05:13:40.042Z] [unzip] Processing entry: client\assets\provider-icons\auth_service_mslive.svg
[debug] [2025-06-18T05:13:40.042Z] [unzip] else mkdir: C:\Users\User\.cache\firebase\emulators\ui-v1.15.0\client\assets\provider-icons
[debug] [2025-06-18T05:13:40.042Z] [unzip] deflating: C:\Users\User\.cache\firebase\emulators\ui-v1.15.0\client\assets\provider-icons\auth_service_mslive.svg
[debug] [2025-06-18T05:13:40.043Z] [unzip] Entry: client/assets/provider-icons/auth_service_yahoo.svg (compressed_size=577 bytes, uncompressed_size=1182 bytes)
[debug] [2025-06-18T05:13:40.043Z] [unzip] Processing entry: client\assets\provider-icons\auth_service_yahoo.svg
[debug] [2025-06-18T05:13:40.043Z] [unzip] else mkdir: C:\Users\User\.cache\firebase\emulators\ui-v1.15.0\client\assets\provider-icons
[debug] [2025-06-18T05:13:40.044Z] [unzip] deflating: C:\Users\User\.cache\firebase\emulators\ui-v1.15.0\client\assets\provider-icons\auth_service_yahoo.svg
[debug] [2025-06-18T05:13:40.045Z] [unzip] Entry: client/assets/provider-icons/auth_service_twitter.svg (compressed_size=444 bytes, uncompressed_size=751 bytes)
[debug] [2025-06-18T05:13:40.045Z] [unzip] Processing entry: client\assets\provider-icons\auth_service_twitter.svg
[debug] [2025-06-18T05:13:40.045Z] [unzip] else mkdir: C:\Users\User\.cache\firebase\emulators\ui-v1.15.0\client\assets\provider-icons
[debug] [2025-06-18T05:13:40.045Z] [unzip] deflating: C:\Users\User\.cache\firebase\emulators\ui-v1.15.0\client\assets\provider-icons\auth_service_twitter.svg
[debug] [2025-06-18T05:13:40.046Z] [unzip] Entry: client/assets/provider-icons/auth_service_play_games.svg (compressed_size=565 bytes, uncompressed_size=1173 bytes)
[debug] [2025-06-18T05:13:40.047Z] [unzip] Processing entry: client\assets\provider-icons\auth_service_play_games.svg
[debug] [2025-06-18T05:13:40.047Z] [unzip] else mkdir: C:\Users\User\.cache\firebase\emulators\ui-v1.15.0\client\assets\provider-icons
[debug] [2025-06-18T05:13:40.047Z] [unzip] deflating: C:\Users\User\.cache\firebase\emulators\ui-v1.15.0\client\assets\provider-icons\auth_service_play_games.svg
[debug] [2025-06-18T05:13:40.048Z] [unzip] Entry: client/assets/provider-icons/auth_service_email.svg (compressed_size=228 bytes, uncompressed_size=326 bytes)
[debug] [2025-06-18T05:13:40.048Z] [unzip] Processing entry: client\assets\provider-icons\auth_service_email.svg
[debug] [2025-06-18T05:13:40.048Z] [unzip] else mkdir: C:\Users\User\.cache\firebase\emulators\ui-v1.15.0\client\assets\provider-icons
[debug] [2025-06-18T05:13:40.048Z] [unzip] deflating: C:\Users\User\.cache\firebase\emulators\ui-v1.15.0\client\assets\provider-icons\auth_service_email.svg
[debug] [2025-06-18T05:13:40.049Z] [unzip] Entry: client/assets/provider-icons/auth_service_google.svg (compressed_size=409 bytes, uncompressed_size=720 bytes)
[debug] [2025-06-18T05:13:40.049Z] [unzip] Processing entry: client\assets\provider-icons\auth_service_google.svg
[debug] [2025-06-18T05:13:40.049Z] [unzip] else mkdir: C:\Users\User\.cache\firebase\emulators\ui-v1.15.0\client\assets\provider-icons
[debug] [2025-06-18T05:13:40.050Z] [unzip] deflating: C:\Users\User\.cache\firebase\emulators\ui-v1.15.0\client\assets\provider-icons\auth_service_google.svg
[debug] [2025-06-18T05:13:40.051Z] [unzip] Entry: client/assets/provider-icons/auth_service_oidc.svg (compressed_size=414 bytes, uncompressed_size=858 bytes)
[debug] [2025-06-18T05:13:40.051Z] [unzip] Processing entry: client\assets\provider-icons\auth_service_oidc.svg
[debug] [2025-06-18T05:13:40.051Z] [unzip] else mkdir: C:\Users\User\.cache\firebase\emulators\ui-v1.15.0\client\assets\provider-icons
[debug] [2025-06-18T05:13:40.051Z] [unzip] deflating: C:\Users\User\.cache\firebase\emulators\ui-v1.15.0\client\assets\provider-icons\auth_service_oidc.svg
[debug] [2025-06-18T05:13:40.052Z] [unzip] Entry: client/browserconfig.xml (compressed_size=491 bytes, uncompressed_size=822 bytes)
[debug] [2025-06-18T05:13:40.052Z] [unzip] Processing entry: client\browserconfig.xml
[debug] [2025-06-18T05:13:40.052Z] [unzip] else mkdir: C:\Users\User\.cache\firebase\emulators\ui-v1.15.0\client
[debug] [2025-06-18T05:13:40.052Z] [unzip] deflating: C:\Users\User\.cache\firebase\emulators\ui-v1.15.0\client\browserconfig.xml
[debug] [2025-06-18T05:13:40.053Z] [unzip] Entry: client/favicon-32x32.png (compressed_size=475 bytes, uncompressed_size=475 bytes)
[debug] [2025-06-18T05:13:40.053Z] [unzip] Processing entry: client\favicon-32x32.png
[debug] [2025-06-18T05:13:40.053Z] [unzip] else mkdir: C:\Users\User\.cache\firebase\emulators\ui-v1.15.0\client
[debug] [2025-06-18T05:13:40.054Z] [unzip] Writing file: C:\Users\User\.cache\firebase\emulators\ui-v1.15.0\client\favicon-32x32.png
[debug] [2025-06-18T05:13:40.054Z] [unzip] Entry: server/ (compressed_size=0 bytes, uncompressed_size=0 bytes)
[debug] [2025-06-18T05:13:40.054Z] [unzip] Processing entry: server\
[debug] [2025-06-18T05:13:40.054Z] [unzip] mkdir: C:\Users\User\.cache\firebase\emulators\ui-v1.15.0\server\
[debug] [2025-06-18T05:13:40.054Z] [unzip] Entry: server/server.mjs.map (compressed_size=217845 bytes, uncompressed_size=944978 bytes)
[debug] [2025-06-18T05:13:40.055Z] [unzip] Processing entry: server\server.mjs.map
[debug] [2025-06-18T05:13:40.055Z] [unzip] else mkdir: C:\Users\User\.cache\firebase\emulators\ui-v1.15.0\server
[debug] [2025-06-18T05:13:40.055Z] [unzip] deflating: C:\Users\User\.cache\firebase\emulators\ui-v1.15.0\server\server.mjs.map
[debug] [2025-06-18T05:13:40.061Z] [unzip] Entry: server/server.mjs (compressed_size=276407 bytes, uncompressed_size=933701 bytes)
[debug] [2025-06-18T05:13:40.062Z] [unzip] Processing entry: server\server.mjs
[debug] [2025-06-18T05:13:40.062Z] [unzip] else mkdir: C:\Users\User\.cache\firebase\emulators\ui-v1.15.0\server
[debug] [2025-06-18T05:13:40.063Z] [unzip] deflating: C:\Users\User\.cache\firebase\emulators\ui-v1.15.0\server\server.mjs
[debug] [2025-06-18T05:13:40.076Z] Could not find VSCode notification endpoint: FetchError: request to http://localhost:40001/vscode/notify failed, reason: . If you are not running the Firebase Data Connect VSCode extension, this is expected and not an issue.
[info] 
┌─────────────────────────────────────────────────────────────┐
│ ✔  All emulators ready! It is now safe to connect your app. │
│ i  View Emulator UI at http://127.0.0.1:4000/               │
└─────────────────────────────────────────────────────────────┘

┌────────────────┬────────────────┬─────────────────────────────────┐
│ Emulator       │ Host:Port      │ View in Emulator UI             │
├────────────────┼────────────────┼─────────────────────────────────┤
│ Authentication │ 127.0.0.1:9099 │ http://127.0.0.1:4000/auth      │
├────────────────┼────────────────┼─────────────────────────────────┤
│ Firestore      │ 127.0.0.1:8080 │ http://127.0.0.1:4000/firestore │
└────────────────┴────────────────┴─────────────────────────────────┘
  Emulator Hub host: 127.0.0.1 port: 4400
  Other reserved ports: 4500, 9150

Issues? Report them at https://github.com/firebase/firebase-tools/issues and attach the *-debug.log files.
 
